<?xml version="1.0" encoding="UTF-8"?>
<!-- Generated by org.testng.reporters.JUnitReportReporter -->
<testsuite skipped="0" hostname="WINCTRL-DP65RH5" name="scripts.TC01" tests="1" failures="0" timestamp="2020-05-17T20:12:37 IST" time="18.479" errors="0">
  <testcase name="Login_Logout" time="18.479" classname="scripts.TC01"/>
  <system-out/>
</testsuite> <!-- scripts.TC01 -->
